{"C:\\Users\\Badal Raina\\Music\\projects\\git\\typewrite\\jest\\__fixtures__\\all-markdown-remark.js": {"path":"C:\\Users\\Badal Raina\\Music\\projects\\git\\typewrite\\jest\\__fixtures__\\all-markdown-remark.js","statementMap":{"0":{"start":{"line":3,"column":0},"end":{"line":46,"column":2}}},"fnMap":{},"branchMap":{},"s":{"0":5},"f":{},"b":{},"_coverageSchema":"1a1c01bbd47fc00a2c39e90264f33305004495a9","hash":"b8fabd3dc8829d3589aeaa51f7526bfd8305e1e7"}
,"C:\\Users\\Badal Raina\\Music\\projects\\git\\typewrite\\jest\\__fixtures__\\markdown-remark.js": {"path":"C:\\Users\\Badal Raina\\Music\\projects\\git\\typewrite\\jest\\__fixtures__\\markdown-remark.js","statementMap":{"0":{"start":{"line":3,"column":0},"end":{"line":23,"column":2}}},"fnMap":{},"branchMap":{},"s":{"0":2},"f":{},"b":{},"_coverageSchema":"1a1c01bbd47fc00a2c39e90264f33305004495a9","hash":"2aae88b5262b238ebb532e39021eeb2e9129fd7c"}
,"C:\\Users\\Badal Raina\\Music\\projects\\git\\typewrite\\jest\\__fixtures__\\page-context.js": {"path":"C:\\Users\\Badal Raina\\Music\\projects\\git\\typewrite\\jest\\__fixtures__\\page-context.js","statementMap":{"0":{"start":{"line":3,"column":0},"end":{"line":13,"column":2}}},"fnMap":{},"branchMap":{},"s":{"0":3},"f":{},"b":{},"_coverageSchema":"1a1c01bbd47fc00a2c39e90264f33305004495a9","hash":"01ebe76e9dd44e9afb5b194d8c30cd1ac9b63f25"}
,"C:\\Users\\Badal Raina\\Music\\projects\\git\\typewrite\\jest\\__fixtures__\\site-metadata.js": {"path":"C:\\Users\\Badal Raina\\Music\\projects\\git\\typewrite\\jest\\__fixtures__\\site-metadata.js","statementMap":{"0":{"start":{"line":3,"column":0},"end":{"line":41,"column":2}}},"fnMap":{},"branchMap":{},"s":{"0":13},"f":{},"b":{},"_coverageSchema":"1a1c01bbd47fc00a2c39e90264f33305004495a9","hash":"646fc645524a856ef0b565396b79a1efe4c92ef2"}
,"C:\\Users\\Badal Raina\\Music\\projects\\git\\typewrite\\src\\components\\Feed\\Feed.js": {"path":"C:\\Users\\Badal Raina\\Music\\projects\\git\\typewrite\\src\\components\\Feed\\Feed.js","statementMap":{"0":{"start":{"line":12,"column":13},"end":{"line":53,"column":1}},"1":{"start":{"line":13,"column":2},"end":{"line":52,"column":8}},"2":{"start":{"line":15,"column":6},"end":{"line":50,"column":12}}},"fnMap":{"0":{"name":"(anonymous_0)","decl":{"start":{"line":12,"column":13},"end":{"line":12,"column":14}},"loc":{"start":{"line":13,"column":2},"end":{"line":52,"column":8}},"line":13},"1":{"name":"(anonymous_1)","decl":{"start":{"line":14,"column":15},"end":{"line":14,"column":16}},"loc":{"start":{"line":15,"column":6},"end":{"line":50,"column":12}},"line":15}},"branchMap":{},"s":{"0":4,"1":4,"2":8},"f":{"0":4,"1":8},"b":{},"_coverageSchema":"1a1c01bbd47fc00a2c39e90264f33305004495a9","hash":"e47d03585cce0495292d5ecd0d7ccb11e76665e3"}
,"C:\\Users\\Badal Raina\\Music\\projects\\git\\typewrite\\src\\components\\Feed\\index.js": {"path":"C:\\Users\\Badal Raina\\Music\\projects\\git\\typewrite\\src\\components\\Feed\\index.js","statementMap":{},"fnMap":{},"branchMap":{},"s":{},"f":{},"b":{},"_coverageSchema":"1a1c01bbd47fc00a2c39e90264f33305004495a9","hash":"370ca4ddf95364efce7ec53d51ff9f265892a6c2"}
,"C:\\Users\\Badal Raina\\Music\\projects\\git\\typewrite\\src\\components\\Icon\\Icon.js": {"path":"C:\\Users\\Badal Raina\\Music\\projects\\git\\typewrite\\src\\components\\Icon\\Icon.js","statementMap":{"0":{"start":{"line":13,"column":13},"end":{"line":18,"column":1}},"1":{"start":{"line":14,"column":2},"end":{"line":17,"column":8}}},"fnMap":{"0":{"name":"(anonymous_0)","decl":{"start":{"line":13,"column":13},"end":{"line":13,"column":14}},"loc":{"start":{"line":14,"column":2},"end":{"line":17,"column":8}},"line":14}},"branchMap":{},"s":{"0":10,"1":55},"f":{"0":55},"b":{},"_coverageSchema":"1a1c01bbd47fc00a2c39e90264f33305004495a9","hash":"829044034c725d79ecf36bcfc591efe8e8deedef"}
,"C:\\Users\\Badal Raina\\Music\\projects\\git\\typewrite\\src\\components\\Icon\\index.js": {"path":"C:\\Users\\Badal Raina\\Music\\projects\\git\\typewrite\\src\\components\\Icon\\index.js","statementMap":{},"fnMap":{},"branchMap":{},"s":{},"f":{},"b":{},"_coverageSchema":"1a1c01bbd47fc00a2c39e90264f33305004495a9","hash":"0e03ad4987f58aa38f267c1e6f6b19270e4b9274"}
,"C:\\Users\\Badal Raina\\Music\\projects\\git\\typewrite\\src\\components\\Layout\\Layout.js": {"path":"C:\\Users\\Badal Raina\\Music\\projects\\git\\typewrite\\src\\components\\Layout\\Layout.js","statementMap":{"0":{"start":{"line":16,"column":15},"end":{"line":42,"column":1}},"1":{"start":{"line":22,"column":26},"end":{"line":22,"column":43}},"2":{"start":{"line":23,"column":20},"end":{"line":23,"column":68}},"3":{"start":{"line":24,"column":23},"end":{"line":24,"column":50}},"4":{"start":{"line":26,"column":2},"end":{"line":41,"column":4}}},"fnMap":{"0":{"name":"(anonymous_0)","decl":{"start":{"line":16,"column":15},"end":{"line":16,"column":16}},"loc":{"start":{"line":21,"column":13},"end":{"line":42,"column":1}},"line":21}},"branchMap":{"0":{"loc":{"start":{"line":23,"column":20},"end":{"line":23,"column":68}},"type":"cond-expr","locations":[{"start":{"line":23,"column":42},"end":{"line":23,"column":53}},{"start":{"line":23,"column":56},"end":{"line":23,"column":68}}],"line":23}},"s":{"0":9,"1":9,"2":9,"3":9,"4":9},"f":{"0":9},"b":{"0":[0,9]},"_coverageSchema":"1a1c01bbd47fc00a2c39e90264f33305004495a9","hash":"57c50ada657beb803e8f37521d02fdedf5a1814b"}
,"C:\\Users\\Badal Raina\\Music\\projects\\git\\typewrite\\src\\components\\Layout\\index.js": {"path":"C:\\Users\\Badal Raina\\Music\\projects\\git\\typewrite\\src\\components\\Layout\\index.js","statementMap":{},"fnMap":{},"branchMap":{},"s":{},"f":{},"b":{},"_coverageSchema":"1a1c01bbd47fc00a2c39e90264f33305004495a9","hash":"262597ae5f2ae777020a03964073afb578131ca5"}
,"C:\\Users\\Badal Raina\\Music\\projects\\git\\typewrite\\src\\components\\Page\\Page.js": {"path":"C:\\Users\\Badal Raina\\Music\\projects\\git\\typewrite\\src\\components\\Page\\Page.js","statementMap":{"0":{"start":{"line":9,"column":13},"end":{"line":24,"column":1}},"1":{"start":{"line":10,"column":18},"end":{"line":10,"column":26}},"2":{"start":{"line":12,"column":2},"end":{"line":14,"column":5}},"3":{"start":{"line":13,"column":4},"end":{"line":13,"column":37}},"4":{"start":{"line":16,"column":2},"end":{"line":23,"column":4}}},"fnMap":{"0":{"name":"(anonymous_0)","decl":{"start":{"line":9,"column":13},"end":{"line":9,"column":14}},"loc":{"start":{"line":9,"column":45},"end":{"line":24,"column":1}},"line":9},"1":{"name":"(anonymous_1)","decl":{"start":{"line":12,"column":12},"end":{"line":12,"column":13}},"loc":{"start":{"line":12,"column":18},"end":{"line":14,"column":3}},"line":12}},"branchMap":{"0":{"loc":{"start":{"line":19,"column":9},"end":{"line":19,"column":68}},"type":"binary-expr","locations":[{"start":{"line":19,"column":9},"end":{"line":19,"column":14}},{"start":{"line":19,"column":18},"end":{"line":19,"column":68}}],"line":19}},"s":{"0":8,"1":8,"2":8,"3":0,"4":8},"f":{"0":8,"1":0},"b":{"0":[8,7]},"_coverageSchema":"1a1c01bbd47fc00a2c39e90264f33305004495a9","hash":"b01a42de65a6c89b98d9aab0d95298484bada74b"}
,"C:\\Users\\Badal Raina\\Music\\projects\\git\\typewrite\\src\\components\\Page\\index.js": {"path":"C:\\Users\\Badal Raina\\Music\\projects\\git\\typewrite\\src\\components\\Page\\index.js","statementMap":{},"fnMap":{},"branchMap":{},"s":{},"f":{},"b":{},"_coverageSchema":"1a1c01bbd47fc00a2c39e90264f33305004495a9","hash":"57189786c0c37e46beacbef7b6ed6a596d879f31"}
,"C:\\Users\\Badal Raina\\Music\\projects\\git\\typewrite\\src\\components\\Pagination\\Pagination.js": {"path":"C:\\Users\\Badal Raina\\Music\\projects\\git\\typewrite\\src\\components\\Pagination\\Pagination.js","statementMap":{"0":{"start":{"line":15,"column":11},"end":{"line":15,"column":34}},"1":{"start":{"line":17,"column":19},"end":{"line":43,"column":1}},"2":{"start":{"line":23,"column":24},"end":{"line":26,"column":4}},"3":{"start":{"line":28,"column":24},"end":{"line":31,"column":4}},"4":{"start":{"line":33,"column":2},"end":{"line":42,"column":4}}},"fnMap":{"0":{"name":"(anonymous_0)","decl":{"start":{"line":17,"column":19},"end":{"line":17,"column":20}},"loc":{"start":{"line":22,"column":13},"end":{"line":43,"column":1}},"line":22}},"branchMap":{"0":{"loc":{"start":{"line":36,"column":29},"end":{"line":36,"column":61}},"type":"cond-expr","locations":[{"start":{"line":36,"column":43},"end":{"line":36,"column":55}},{"start":{"line":36,"column":58},"end":{"line":36,"column":61}}],"line":36},"1":{"loc":{"start":{"line":39,"column":29},"end":{"line":39,"column":61}},"type":"cond-expr","locations":[{"start":{"line":39,"column":43},"end":{"line":39,"column":55}},{"start":{"line":39,"column":58},"end":{"line":39,"column":61}}],"line":39}},"s":{"0":4,"1":4,"2":4,"3":4,"4":4},"f":{"0":4},"b":{"0":[4,0],"1":[4,0]},"_coverageSchema":"1a1c01bbd47fc00a2c39e90264f33305004495a9","hash":"8258a330e3a4a97f1067ff766d2a176ccf636c9c"}
,"C:\\Users\\Badal Raina\\Music\\projects\\git\\typewrite\\src\\components\\Pagination\\index.js": {"path":"C:\\Users\\Badal Raina\\Music\\projects\\git\\typewrite\\src\\components\\Pagination\\index.js","statementMap":{},"fnMap":{},"branchMap":{},"s":{},"f":{},"b":{},"_coverageSchema":"1a1c01bbd47fc00a2c39e90264f33305004495a9","hash":"e50926d28dbb53f8ed4e373f8b8351c8bb99a4de"}
,"C:\\Users\\Badal Raina\\Music\\projects\\git\\typewrite\\src\\components\\Post\\Post.js": {"path":"C:\\Users\\Badal Raina\\Music\\projects\\git\\typewrite\\src\\components\\Post\\Post.js","statementMap":{"0":{"start":{"line":16,"column":13},"end":{"line":42,"column":1}},"1":{"start":{"line":17,"column":19},"end":{"line":17,"column":23}},"2":{"start":{"line":18,"column":29},"end":{"line":18,"column":40}},"3":{"start":{"line":19,"column":32},"end":{"line":19,"column":48}},"4":{"start":{"line":21,"column":2},"end":{"line":41,"column":4}}},"fnMap":{"0":{"name":"(anonymous_0)","decl":{"start":{"line":16,"column":13},"end":{"line":16,"column":14}},"loc":{"start":{"line":16,"column":34},"end":{"line":42,"column":1}},"line":16}},"branchMap":{"0":{"loc":{"start":{"line":33,"column":9},"end":{"line":33,"column":69}},"type":"binary-expr","locations":[{"start":{"line":33,"column":9},"end":{"line":33,"column":13}},{"start":{"line":33,"column":17},"end":{"line":33,"column":25}},{"start":{"line":33,"column":29},"end":{"line":33,"column":69}}],"line":33}},"s":{"0":2,"1":2,"2":2,"3":2,"4":2},"f":{"0":2},"b":{"0":[2,2,2]},"_coverageSchema":"1a1c01bbd47fc00a2c39e90264f33305004495a9","hash":"4c4e224a9ff8f9e83b40627723f0f895279d5637"}
,"C:\\Users\\Badal Raina\\Music\\projects\\git\\typewrite\\src\\components\\Post\\index.js": {"path":"C:\\Users\\Badal Raina\\Music\\projects\\git\\typewrite\\src\\components\\Post\\index.js","statementMap":{},"fnMap":{},"branchMap":{},"s":{},"f":{},"b":{},"_coverageSchema":"1a1c01bbd47fc00a2c39e90264f33305004495a9","hash":"584a3ca2bfd8e3f7a75d52c16009235df994bcd5"}
,"C:\\Users\\Badal Raina\\Music\\projects\\git\\typewrite\\src\\components\\Post\\Author\\Author.js": {"path":"C:\\Users\\Badal Raina\\Music\\projects\\git\\typewrite\\src\\components\\Post\\Author\\Author.js","statementMap":{"0":{"start":{"line":7,"column":15},"end":{"line":25,"column":1}},"1":{"start":{"line":8,"column":21},"end":{"line":8,"column":38}},"2":{"start":{"line":10,"column":2},"end":{"line":24,"column":4}}},"fnMap":{"0":{"name":"(anonymous_0)","decl":{"start":{"line":7,"column":15},"end":{"line":7,"column":16}},"loc":{"start":{"line":7,"column":21},"end":{"line":25,"column":1}},"line":7}},"branchMap":{},"s":{"0":3,"1":3,"2":3},"f":{"0":3},"b":{},"_coverageSchema":"1a1c01bbd47fc00a2c39e90264f33305004495a9","hash":"ff77da43d580d1c95e99a9f8d4407fe5e0b1c9e3"}
,"C:\\Users\\Badal Raina\\Music\\projects\\git\\typewrite\\src\\components\\Post\\Author\\index.js": {"path":"C:\\Users\\Badal Raina\\Music\\projects\\git\\typewrite\\src\\components\\Post\\Author\\index.js","statementMap":{},"fnMap":{},"branchMap":{},"s":{},"f":{},"b":{},"_coverageSchema":"1a1c01bbd47fc00a2c39e90264f33305004495a9","hash":"1cc556bf572759d209cb22dcfa620e855ae8881f"}
,"C:\\Users\\Badal Raina\\Music\\projects\\git\\typewrite\\src\\components\\Post\\Comments\\Comments.js": {"path":"C:\\Users\\Badal Raina\\Music\\projects\\git\\typewrite\\src\\components\\Post\\Comments\\Comments.js","statementMap":{"0":{"start":{"line":11,"column":17},"end":{"line":26,"column":1}},"1":{"start":{"line":12,"column":35},"end":{"line":12,"column":52}},"2":{"start":{"line":14,"column":2},"end":{"line":16,"column":3}},"3":{"start":{"line":15,"column":4},"end":{"line":15,"column":16}},"4":{"start":{"line":18,"column":2},"end":{"line":25,"column":4}}},"fnMap":{"0":{"name":"(anonymous_0)","decl":{"start":{"line":11,"column":17},"end":{"line":11,"column":18}},"loc":{"start":{"line":11,"column":53},"end":{"line":26,"column":1}},"line":11}},"branchMap":{"0":{"loc":{"start":{"line":14,"column":2},"end":{"line":16,"column":3}},"type":"if","locations":[{"start":{"line":14,"column":2},"end":{"line":16,"column":3}},{"start":{"line":14,"column":2},"end":{"line":16,"column":3}}],"line":14}},"s":{"0":3,"1":3,"2":3,"3":3,"4":0},"f":{"0":3},"b":{"0":[3,0]},"_coverageSchema":"1a1c01bbd47fc00a2c39e90264f33305004495a9","hash":"ff6bf60ffb1c977753a1e787e990850b1b5a7185"}
,"C:\\Users\\Badal Raina\\Music\\projects\\git\\typewrite\\src\\components\\Post\\Comments\\index.js": {"path":"C:\\Users\\Badal Raina\\Music\\projects\\git\\typewrite\\src\\components\\Post\\Comments\\index.js","statementMap":{},"fnMap":{},"branchMap":{},"s":{},"f":{},"b":{},"_coverageSchema":"1a1c01bbd47fc00a2c39e90264f33305004495a9","hash":"169a83d208cedc310a21f8829265c54a446f7f1d"}
,"C:\\Users\\Badal Raina\\Music\\projects\\git\\typewrite\\src\\components\\Post\\Content\\Content.js": {"path":"C:\\Users\\Badal Raina\\Music\\projects\\git\\typewrite\\src\\components\\Post\\Content\\Content.js","statementMap":{"0":{"start":{"line":10,"column":16},"end":{"line":18,"column":1}},"1":{"start":{"line":11,"column":2},"end":{"line":17,"column":8}}},"fnMap":{"0":{"name":"(anonymous_0)","decl":{"start":{"line":10,"column":16},"end":{"line":10,"column":17}},"loc":{"start":{"line":11,"column":2},"end":{"line":17,"column":8}},"line":11}},"branchMap":{},"s":{"0":3,"1":3},"f":{"0":3},"b":{},"_coverageSchema":"1a1c01bbd47fc00a2c39e90264f33305004495a9","hash":"9f0557027f94206f32466232eca73efcc014fc25"}
,"C:\\Users\\Badal Raina\\Music\\projects\\git\\typewrite\\src\\components\\Post\\Content\\index.js": {"path":"C:\\Users\\Badal Raina\\Music\\projects\\git\\typewrite\\src\\components\\Post\\Content\\index.js","statementMap":{},"fnMap":{},"branchMap":{},"s":{},"f":{},"b":{},"_coverageSchema":"1a1c01bbd47fc00a2c39e90264f33305004495a9","hash":"98889c1c291916ab6f5a01ee1bb57c0ab698e662"}
,"C:\\Users\\Badal Raina\\Music\\projects\\git\\typewrite\\src\\components\\Post\\Meta\\Meta.js": {"path":"C:\\Users\\Badal Raina\\Music\\projects\\git\\typewrite\\src\\components\\Post\\Meta\\Meta.js","statementMap":{"0":{"start":{"line":10,"column":13},"end":{"line":16,"column":1}},"1":{"start":{"line":11,"column":2},"end":{"line":15,"column":8}}},"fnMap":{"0":{"name":"(anonymous_0)","decl":{"start":{"line":10,"column":13},"end":{"line":10,"column":14}},"loc":{"start":{"line":11,"column":2},"end":{"line":15,"column":8}},"line":11}},"branchMap":{},"s":{"0":3,"1":3},"f":{"0":3},"b":{},"_coverageSchema":"1a1c01bbd47fc00a2c39e90264f33305004495a9","hash":"e794896feb04b8b41b118e17d06934c7a262245e"}
,"C:\\Users\\Badal Raina\\Music\\projects\\git\\typewrite\\src\\components\\Post\\Meta\\index.js": {"path":"C:\\Users\\Badal Raina\\Music\\projects\\git\\typewrite\\src\\components\\Post\\Meta\\index.js","statementMap":{},"fnMap":{},"branchMap":{},"s":{},"f":{},"b":{},"_coverageSchema":"1a1c01bbd47fc00a2c39e90264f33305004495a9","hash":"0a3782da8f4afbf035479e8cff5bfdf6f20fcc3d"}
,"C:\\Users\\Badal Raina\\Music\\projects\\git\\typewrite\\src\\components\\Post\\Tags\\Tags.js": {"path":"C:\\Users\\Badal Raina\\Music\\projects\\git\\typewrite\\src\\components\\Post\\Tags\\Tags.js","statementMap":{"0":{"start":{"line":11,"column":13},"end":{"line":24,"column":1}},"1":{"start":{"line":12,"column":2},"end":{"line":23,"column":8}},"2":{"start":{"line":16,"column":10},"end":{"line":20,"column":15}}},"fnMap":{"0":{"name":"(anonymous_0)","decl":{"start":{"line":11,"column":13},"end":{"line":11,"column":14}},"loc":{"start":{"line":12,"column":2},"end":{"line":23,"column":8}},"line":12},"1":{"name":"(anonymous_1)","decl":{"start":{"line":15,"column":21},"end":{"line":15,"column":22}},"loc":{"start":{"line":16,"column":10},"end":{"line":20,"column":15}},"line":16}},"branchMap":{"0":{"loc":{"start":{"line":14,"column":7},"end":{"line":21,"column":10}},"type":"binary-expr","locations":[{"start":{"line":14,"column":7},"end":{"line":14,"column":15}},{"start":{"line":15,"column":8},"end":{"line":21,"column":10}}],"line":14}},"s":{"0":3,"1":3,"2":6},"f":{"0":3,"1":6},"b":{"0":[3,3]},"_coverageSchema":"1a1c01bbd47fc00a2c39e90264f33305004495a9","hash":"8c43d14702b895990254a397ed9163c0b74d223f"}
,"C:\\Users\\Badal Raina\\Music\\projects\\git\\typewrite\\src\\components\\Post\\Tags\\index.js": {"path":"C:\\Users\\Badal Raina\\Music\\projects\\git\\typewrite\\src\\components\\Post\\Tags\\index.js","statementMap":{},"fnMap":{},"branchMap":{},"s":{},"f":{},"b":{},"_coverageSchema":"1a1c01bbd47fc00a2c39e90264f33305004495a9","hash":"14b418a1c1a7481a1679fc60589a41eb2043c26e"}
,"C:\\Users\\Badal Raina\\Music\\projects\\git\\typewrite\\src\\components\\Sidebar\\Sidebar.js": {"path":"C:\\Users\\Badal Raina\\Music\\projects\\git\\typewrite\\src\\components\\Sidebar\\Sidebar.js","statementMap":{"0":{"start":{"line":14,"column":16},"end":{"line":27,"column":1}},"1":{"start":{"line":15,"column":38},"end":{"line":15,"column":55}},"2":{"start":{"line":17,"column":2},"end":{"line":26,"column":4}}},"fnMap":{"0":{"name":"(anonymous_0)","decl":{"start":{"line":14,"column":16},"end":{"line":14,"column":17}},"loc":{"start":{"line":14,"column":40},"end":{"line":27,"column":1}},"line":14}},"branchMap":{},"s":{"0":8,"1":8,"2":8},"f":{"0":8},"b":{},"_coverageSchema":"1a1c01bbd47fc00a2c39e90264f33305004495a9","hash":"07454cba16ac4581185f4ebea9951ba95e1e7419"}
,"C:\\Users\\Badal Raina\\Music\\projects\\git\\typewrite\\src\\components\\Sidebar\\index.js": {"path":"C:\\Users\\Badal Raina\\Music\\projects\\git\\typewrite\\src\\components\\Sidebar\\index.js","statementMap":{},"fnMap":{},"branchMap":{},"s":{},"f":{},"b":{},"_coverageSchema":"1a1c01bbd47fc00a2c39e90264f33305004495a9","hash":"53351c8ba37ec3c70a27e3a020d5fd5f514a5b75"}
,"C:\\Users\\Badal Raina\\Music\\projects\\git\\typewrite\\src\\components\\Sidebar\\Author\\Author.js": {"path":"C:\\Users\\Badal Raina\\Music\\projects\\git\\typewrite\\src\\components\\Sidebar\\Author\\Author.js","statementMap":{"0":{"start":{"line":15,"column":15},"end":{"line":38,"column":1}},"1":{"start":{"line":16,"column":2},"end":{"line":37,"column":8}}},"fnMap":{"0":{"name":"(anonymous_0)","decl":{"start":{"line":15,"column":15},"end":{"line":15,"column":16}},"loc":{"start":{"line":16,"column":2},"end":{"line":37,"column":8}},"line":16}},"branchMap":{"0":{"loc":{"start":{"line":27,"column":6},"end":{"line":35,"column":5}},"type":"cond-expr","locations":[{"start":{"line":28,"column":6},"end":{"line":30,"column":11}},{"start":{"line":32,"column":6},"end":{"line":34,"column":11}}],"line":27}},"s":{"0":9,"1":9},"f":{"0":9},"b":{"0":[2,7]},"_coverageSchema":"1a1c01bbd47fc00a2c39e90264f33305004495a9","hash":"b1a522f630b348271aeff44d54099efbd5a2c265"}
,"C:\\Users\\Badal Raina\\Music\\projects\\git\\typewrite\\src\\components\\Sidebar\\Author\\index.js": {"path":"C:\\Users\\Badal Raina\\Music\\projects\\git\\typewrite\\src\\components\\Sidebar\\Author\\index.js","statementMap":{},"fnMap":{},"branchMap":{},"s":{},"f":{},"b":{},"_coverageSchema":"1a1c01bbd47fc00a2c39e90264f33305004495a9","hash":"93fe6ea20d93b998851da69e2e17742634e6dbbc"}
,"C:\\Users\\Badal Raina\\Music\\projects\\git\\typewrite\\src\\components\\Sidebar\\Contacts\\Contacts.js": {"path":"C:\\Users\\Badal Raina\\Music\\projects\\git\\typewrite\\src\\components\\Sidebar\\Contacts\\Contacts.js","statementMap":{"0":{"start":{"line":13,"column":17},"end":{"line":32,"column":1}},"1":{"start":{"line":14,"column":2},"end":{"line":31,"column":8}},"2":{"start":{"line":17,"column":8},"end":{"line":28,"column":9}}},"fnMap":{"0":{"name":"(anonymous_0)","decl":{"start":{"line":13,"column":17},"end":{"line":13,"column":18}},"loc":{"start":{"line":14,"column":2},"end":{"line":31,"column":8}},"line":14},"1":{"name":"(anonymous_1)","decl":{"start":{"line":16,"column":33},"end":{"line":16,"column":34}},"loc":{"start":{"line":17,"column":8},"end":{"line":28,"column":9}},"line":17}},"branchMap":{"0":{"loc":{"start":{"line":17,"column":8},"end":{"line":28,"column":9}},"type":"cond-expr","locations":[{"start":{"line":17,"column":26},"end":{"line":17,"column":30}},{"start":{"line":18,"column":10},"end":{"line":27,"column":15}}],"line":17}},"s":{"0":9,"1":9,"2":54},"f":{"0":9,"1":54},"b":{"0":[0,54]},"_coverageSchema":"1a1c01bbd47fc00a2c39e90264f33305004495a9","hash":"58fb5fe56554b2fe890c0123aea08015dcd10d97"}
,"C:\\Users\\Badal Raina\\Music\\projects\\git\\typewrite\\src\\components\\Sidebar\\Contacts\\index.js": {"path":"C:\\Users\\Badal Raina\\Music\\projects\\git\\typewrite\\src\\components\\Sidebar\\Contacts\\index.js","statementMap":{},"fnMap":{},"branchMap":{},"s":{},"f":{},"b":{},"_coverageSchema":"1a1c01bbd47fc00a2c39e90264f33305004495a9","hash":"105a1a4c880b1f58644316b1c05c7545511d572f"}
,"C:\\Users\\Badal Raina\\Music\\projects\\git\\typewrite\\src\\components\\Sidebar\\Copyright\\Copyright.js": {"path":"C:\\Users\\Badal Raina\\Music\\projects\\git\\typewrite\\src\\components\\Sidebar\\Copyright\\Copyright.js","statementMap":{"0":{"start":{"line":9,"column":18},"end":{"line":13,"column":1}},"1":{"start":{"line":10,"column":2},"end":{"line":12,"column":8}}},"fnMap":{"0":{"name":"(anonymous_0)","decl":{"start":{"line":9,"column":18},"end":{"line":9,"column":19}},"loc":{"start":{"line":10,"column":2},"end":{"line":12,"column":8}},"line":10}},"branchMap":{},"s":{"0":9,"1":9},"f":{"0":9},"b":{},"_coverageSchema":"1a1c01bbd47fc00a2c39e90264f33305004495a9","hash":"9400a8d39477a0ba9705410606d7921252c0a748"}
,"C:\\Users\\Badal Raina\\Music\\projects\\git\\typewrite\\src\\components\\Sidebar\\Copyright\\index.js": {"path":"C:\\Users\\Badal Raina\\Music\\projects\\git\\typewrite\\src\\components\\Sidebar\\Copyright\\index.js","statementMap":{},"fnMap":{},"branchMap":{},"s":{},"f":{},"b":{},"_coverageSchema":"1a1c01bbd47fc00a2c39e90264f33305004495a9","hash":"442913dee8480e2355a83fd7f63fdde6922af22e"}
,"C:\\Users\\Badal Raina\\Music\\projects\\git\\typewrite\\src\\components\\Sidebar\\Menu\\Menu.js": {"path":"C:\\Users\\Badal Raina\\Music\\projects\\git\\typewrite\\src\\components\\Sidebar\\Menu\\Menu.js","statementMap":{"0":{"start":{"line":13,"column":13},"end":{"line":29,"column":1}},"1":{"start":{"line":14,"column":2},"end":{"line":28,"column":8}},"2":{"start":{"line":17,"column":8},"end":{"line":25,"column":13}}},"fnMap":{"0":{"name":"(anonymous_0)","decl":{"start":{"line":13,"column":13},"end":{"line":13,"column":14}},"loc":{"start":{"line":14,"column":2},"end":{"line":28,"column":8}},"line":14},"1":{"name":"(anonymous_1)","decl":{"start":{"line":16,"column":16},"end":{"line":16,"column":17}},"loc":{"start":{"line":17,"column":8},"end":{"line":25,"column":13}},"line":17}},"branchMap":{},"s":{"0":9,"1":9,"2":26},"f":{"0":9,"1":26},"b":{},"_coverageSchema":"1a1c01bbd47fc00a2c39e90264f33305004495a9","hash":"637da352788ba72f8da4d67e68e6335d4e0d821f"}
,"C:\\Users\\Badal Raina\\Music\\projects\\git\\typewrite\\src\\components\\Sidebar\\Menu\\index.js": {"path":"C:\\Users\\Badal Raina\\Music\\projects\\git\\typewrite\\src\\components\\Sidebar\\Menu\\index.js","statementMap":{},"fnMap":{},"branchMap":{},"s":{},"f":{},"b":{},"_coverageSchema":"1a1c01bbd47fc00a2c39e90264f33305004495a9","hash":"e8a3ead726afbc5a0530a62fe4a041a9ef0b23e8"}
,"C:\\Users\\Badal Raina\\Music\\projects\\git\\typewrite\\src\\constants\\icons.js": {"path":"C:\\Users\\Badal Raina\\Music\\projects\\git\\typewrite\\src\\constants\\icons.js","statementMap":{"0":{"start":{"line":2,"column":14},"end":{"line":63,"column":1}}},"fnMap":{},"branchMap":{},"s":{"0":14},"f":{},"b":{},"_coverageSchema":"1a1c01bbd47fc00a2c39e90264f33305004495a9","hash":"494b2552cf366248dc698fe81e4fcdba720998ac"}
,"C:\\Users\\Badal Raina\\Music\\projects\\git\\typewrite\\src\\constants\\index.js": {"path":"C:\\Users\\Badal Raina\\Music\\projects\\git\\typewrite\\src\\constants\\index.js","statementMap":{},"fnMap":{},"branchMap":{},"s":{},"f":{},"b":{},"_coverageSchema":"1a1c01bbd47fc00a2c39e90264f33305004495a9","hash":"b879ea1b2a113454b8cdc5af63db1d7625db2e2f"}
,"C:\\Users\\Badal Raina\\Music\\projects\\git\\typewrite\\src\\constants\\pagination.js": {"path":"C:\\Users\\Badal Raina\\Music\\projects\\git\\typewrite\\src\\constants\\pagination.js","statementMap":{"0":{"start":{"line":2,"column":19},"end":{"line":5,"column":1}}},"fnMap":{},"branchMap":{},"s":{"0":14},"f":{},"b":{},"_coverageSchema":"1a1c01bbd47fc00a2c39e90264f33305004495a9","hash":"244201407d3df639a567959a378e77787fa95a9a"}
,"C:\\Users\\Badal Raina\\Music\\projects\\git\\typewrite\\src\\hooks\\index.js": {"path":"C:\\Users\\Badal Raina\\Music\\projects\\git\\typewrite\\src\\hooks\\index.js","statementMap":{},"fnMap":{},"branchMap":{},"s":{},"f":{},"b":{},"_coverageSchema":"1a1c01bbd47fc00a2c39e90264f33305004495a9","hash":"61f167cabb900aa694649357027de7d41c264f12"}
,"C:\\Users\\Badal Raina\\Music\\projects\\git\\typewrite\\src\\hooks\\use-categories-list.js": {"path":"C:\\Users\\Badal Raina\\Music\\projects\\git\\typewrite\\src\\hooks\\use-categories-list.js","statementMap":{"0":{"start":{"line":4,"column":26},"end":{"line":23,"column":1}},"1":{"start":{"line":5,"column":32},"end":{"line":20,"column":3}},"2":{"start":{"line":22,"column":2},"end":{"line":22,"column":33}}},"fnMap":{"0":{"name":"(anonymous_0)","decl":{"start":{"line":4,"column":26},"end":{"line":4,"column":27}},"loc":{"start":{"line":4,"column":32},"end":{"line":23,"column":1}},"line":4}},"branchMap":{},"s":{"0":13,"1":1,"2":1},"f":{"0":1},"b":{},"_coverageSchema":"1a1c01bbd47fc00a2c39e90264f33305004495a9","hash":"dc5a22559865a8b857d479b8134ad7b55974e1f1"}
,"C:\\Users\\Badal Raina\\Music\\projects\\git\\typewrite\\src\\hooks\\use-site-metadata.js": {"path":"C:\\Users\\Badal Raina\\Music\\projects\\git\\typewrite\\src\\hooks\\use-site-metadata.js","statementMap":{"0":{"start":{"line":4,"column":24},"end":{"line":48,"column":1}},"1":{"start":{"line":5,"column":19},"end":{"line":45,"column":3}},"2":{"start":{"line":47,"column":2},"end":{"line":47,"column":27}}},"fnMap":{"0":{"name":"(anonymous_0)","decl":{"start":{"line":4,"column":24},"end":{"line":4,"column":25}},"loc":{"start":{"line":4,"column":30},"end":{"line":48,"column":1}},"line":4}},"branchMap":{},"s":{"0":13,"1":31,"2":31},"f":{"0":31},"b":{},"_coverageSchema":"1a1c01bbd47fc00a2c39e90264f33305004495a9","hash":"035e279a8d1b10747ef0568fbc3d1049fc312cec"}
,"C:\\Users\\Badal Raina\\Music\\projects\\git\\typewrite\\src\\hooks\\use-tags-list.js": {"path":"C:\\Users\\Badal Raina\\Music\\projects\\git\\typewrite\\src\\hooks\\use-tags-list.js","statementMap":{"0":{"start":{"line":4,"column":20},"end":{"line":23,"column":1}},"1":{"start":{"line":5,"column":32},"end":{"line":20,"column":3}},"2":{"start":{"line":22,"column":2},"end":{"line":22,"column":33}}},"fnMap":{"0":{"name":"(anonymous_0)","decl":{"start":{"line":4,"column":20},"end":{"line":4,"column":21}},"loc":{"start":{"line":4,"column":26},"end":{"line":23,"column":1}},"line":4}},"branchMap":{},"s":{"0":13,"1":1,"2":1},"f":{"0":1},"b":{},"_coverageSchema":"1a1c01bbd47fc00a2c39e90264f33305004495a9","hash":"f2eea3d786becf132e8abda2ee687484342b5fc4"}
,"C:\\Users\\Badal Raina\\Music\\projects\\git\\typewrite\\src\\templates\\categories-list-template.js": {"path":"C:\\Users\\Badal Raina\\Music\\projects\\git\\typewrite\\src\\templates\\categories-list-template.js","statementMap":{"0":{"start":{"line":10,"column":31},"end":{"line":30,"column":1}},"1":{"start":{"line":11,"column":30},"end":{"line":11,"column":47}},"2":{"start":{"line":12,"column":21},"end":{"line":12,"column":40}},"3":{"start":{"line":14,"column":2},"end":{"line":29,"column":4}},"4":{"start":{"line":20,"column":12},"end":{"line":24,"column":17}}},"fnMap":{"0":{"name":"(anonymous_0)","decl":{"start":{"line":10,"column":31},"end":{"line":10,"column":32}},"loc":{"start":{"line":10,"column":37},"end":{"line":30,"column":1}},"line":10},"1":{"name":"(anonymous_1)","decl":{"start":{"line":19,"column":26},"end":{"line":19,"column":27}},"loc":{"start":{"line":20,"column":12},"end":{"line":24,"column":17}},"line":20}},"branchMap":{},"s":{"0":1,"1":1,"2":1,"3":1,"4":2},"f":{"0":1,"1":2},"b":{},"_coverageSchema":"1a1c01bbd47fc00a2c39e90264f33305004495a9","hash":"d9525a130583eaca557cc36bda4c2101cb7c45a1"}
,"C:\\Users\\Badal Raina\\Music\\projects\\git\\typewrite\\src\\templates\\category-template.js": {"path":"C:\\Users\\Badal Raina\\Music\\projects\\git\\typewrite\\src\\templates\\category-template.js","statementMap":{"0":{"start":{"line":17,"column":25},"end":{"line":49,"column":1}},"1":{"start":{"line":18,"column":55},"end":{"line":18,"column":72}},"2":{"start":{"line":27,"column":6},"end":{"line":27,"column":17}},"3":{"start":{"line":29,"column":20},"end":{"line":29,"column":42}},"4":{"start":{"line":31,"column":4},"end":{"line":33,"column":36}},"5":{"start":{"line":35,"column":2},"end":{"line":48,"column":4}},"6":{"start":{"line":51,"column":21},"end":{"line":81,"column":1}}},"fnMap":{"0":{"name":"(anonymous_0)","decl":{"start":{"line":17,"column":25},"end":{"line":17,"column":26}},"loc":{"start":{"line":17,"column":59},"end":{"line":49,"column":1}},"line":17}},"branchMap":{"0":{"loc":{"start":{"line":31,"column":4},"end":{"line":33,"column":36}},"type":"cond-expr","locations":[{"start":{"line":32,"column":8},"end":{"line":32,"column":58}},{"start":{"line":33,"column":8},"end":{"line":33,"column":36}}],"line":31}},"s":{"0":1,"1":1,"2":1,"3":1,"4":1,"5":1,"6":1},"f":{"0":1},"b":{"0":[1,0]},"_coverageSchema":"1a1c01bbd47fc00a2c39e90264f33305004495a9","hash":"da616f870bf39c6a616363d992ee74765676ef54"}
,"C:\\Users\\Badal Raina\\Music\\projects\\git\\typewrite\\src\\templates\\index-template.js": {"path":"C:\\Users\\Badal Raina\\Music\\projects\\git\\typewrite\\src\\templates\\index-template.js","statementMap":{"0":{"start":{"line":17,"column":22},"end":{"line":46,"column":1}},"1":{"start":{"line":18,"column":55},"end":{"line":18,"column":72}},"2":{"start":{"line":26,"column":6},"end":{"line":26,"column":17}},"3":{"start":{"line":28,"column":20},"end":{"line":28,"column":42}},"4":{"start":{"line":30,"column":4},"end":{"line":30,"column":78}},"5":{"start":{"line":32,"column":2},"end":{"line":45,"column":4}},"6":{"start":{"line":48,"column":21},"end":{"line":72,"column":1}}},"fnMap":{"0":{"name":"(anonymous_0)","decl":{"start":{"line":17,"column":22},"end":{"line":17,"column":23}},"loc":{"start":{"line":17,"column":56},"end":{"line":46,"column":1}},"line":17}},"branchMap":{"0":{"loc":{"start":{"line":30,"column":4},"end":{"line":30,"column":78}},"type":"cond-expr","locations":[{"start":{"line":30,"column":22},"end":{"line":30,"column":66}},{"start":{"line":30,"column":69},"end":{"line":30,"column":78}}],"line":30}},"s":{"0":1,"1":1,"2":1,"3":1,"4":1,"5":1,"6":1},"f":{"0":1},"b":{"0":[1,0]},"_coverageSchema":"1a1c01bbd47fc00a2c39e90264f33305004495a9","hash":"6980a2a04ed7090d1c529aad9b981975b9406b9b"}
,"C:\\Users\\Badal Raina\\Music\\projects\\git\\typewrite\\src\\templates\\not-found-template.js": {"path":"C:\\Users\\Badal Raina\\Music\\projects\\git\\typewrite\\src\\templates\\not-found-template.js","statementMap":{"0":{"start":{"line":8,"column":25},"end":{"line":19,"column":1}},"1":{"start":{"line":9,"column":30},"end":{"line":9,"column":47}},"2":{"start":{"line":11,"column":2},"end":{"line":18,"column":4}}},"fnMap":{"0":{"name":"(anonymous_0)","decl":{"start":{"line":8,"column":25},"end":{"line":8,"column":26}},"loc":{"start":{"line":8,"column":31},"end":{"line":19,"column":1}},"line":8}},"branchMap":{},"s":{"0":1,"1":1,"2":1},"f":{"0":1},"b":{},"_coverageSchema":"1a1c01bbd47fc00a2c39e90264f33305004495a9","hash":"8226ea0df97eb209aabef71d5e07eccbc1389a44"}
,"C:\\Users\\Badal Raina\\Music\\projects\\git\\typewrite\\src\\templates\\page-template.js": {"path":"C:\\Users\\Badal Raina\\Music\\projects\\git\\typewrite\\src\\templates\\page-template.js","statementMap":{"0":{"start":{"line":16,"column":21},"end":{"line":40,"column":1}},"1":{"start":{"line":17,"column":55},"end":{"line":17,"column":72}},"2":{"start":{"line":18,"column":29},"end":{"line":18,"column":48}},"3":{"start":{"line":19,"column":26},"end":{"line":19,"column":45}},"4":{"start":{"line":24,"column":6},"end":{"line":24,"column":17}},"5":{"start":{"line":26,"column":4},"end":{"line":26,"column":61}},"6":{"start":{"line":28,"column":2},"end":{"line":39,"column":4}},"7":{"start":{"line":42,"column":21},"end":{"line":55,"column":1}}},"fnMap":{"0":{"name":"(anonymous_0)","decl":{"start":{"line":16,"column":21},"end":{"line":16,"column":22}},"loc":{"start":{"line":16,"column":42},"end":{"line":40,"column":1}},"line":16}},"branchMap":{"0":{"loc":{"start":{"line":26,"column":4},"end":{"line":26,"column":61}},"type":"cond-expr","locations":[{"start":{"line":26,"column":31},"end":{"line":26,"column":46}},{"start":{"line":26,"column":49},"end":{"line":26,"column":61}}],"line":26}},"s":{"0":1,"1":1,"2":1,"3":1,"4":1,"5":1,"6":1,"7":1},"f":{"0":1},"b":{"0":[1,0]},"_coverageSchema":"1a1c01bbd47fc00a2c39e90264f33305004495a9","hash":"e923dcd09de029bc7be5a2c5bc84b25c31c785d3"}
,"C:\\Users\\Badal Raina\\Music\\projects\\git\\typewrite\\src\\templates\\post-template.js": {"path":"C:\\Users\\Badal Raina\\Music\\projects\\git\\typewrite\\src\\templates\\post-template.js","statementMap":{"0":{"start":{"line":15,"column":21},"end":{"line":26,"column":1}},"1":{"start":{"line":16,"column":55},"end":{"line":16,"column":72}},"2":{"start":{"line":17,"column":26},"end":{"line":17,"column":45}},"3":{"start":{"line":18,"column":74},"end":{"line":18,"column":85}},"4":{"start":{"line":19,"column":26},"end":{"line":19,"column":83}},"5":{"start":{"line":21,"column":2},"end":{"line":25,"column":4}},"6":{"start":{"line":28,"column":21},"end":{"line":46,"column":1}}},"fnMap":{"0":{"name":"(anonymous_0)","decl":{"start":{"line":15,"column":21},"end":{"line":15,"column":22}},"loc":{"start":{"line":15,"column":42},"end":{"line":26,"column":1}},"line":15}},"branchMap":{"0":{"loc":{"start":{"line":19,"column":26},"end":{"line":19,"column":83}},"type":"cond-expr","locations":[{"start":{"line":19,"column":53},"end":{"line":19,"column":68}},{"start":{"line":19,"column":71},"end":{"line":19,"column":83}}],"line":19}},"s":{"0":1,"1":1,"2":1,"3":1,"4":1,"5":1,"6":1},"f":{"0":1},"b":{"0":[1,0]},"_coverageSchema":"1a1c01bbd47fc00a2c39e90264f33305004495a9","hash":"905723d3a56e685c2368d8ec138325616a820543"}
,"C:\\Users\\Badal Raina\\Music\\projects\\git\\typewrite\\src\\templates\\tag-template.js": {"path":"C:\\Users\\Badal Raina\\Music\\projects\\git\\typewrite\\src\\templates\\tag-template.js","statementMap":{"0":{"start":{"line":17,"column":20},"end":{"line":46,"column":1}},"1":{"start":{"line":18,"column":55},"end":{"line":18,"column":72}},"2":{"start":{"line":27,"column":6},"end":{"line":27,"column":17}},"3":{"start":{"line":29,"column":20},"end":{"line":29,"column":42}},"4":{"start":{"line":30,"column":20},"end":{"line":30,"column":153}},"5":{"start":{"line":32,"column":2},"end":{"line":45,"column":4}},"6":{"start":{"line":48,"column":21},"end":{"line":78,"column":1}}},"fnMap":{"0":{"name":"(anonymous_0)","decl":{"start":{"line":17,"column":20},"end":{"line":17,"column":21}},"loc":{"start":{"line":17,"column":54},"end":{"line":46,"column":1}},"line":17}},"branchMap":{"0":{"loc":{"start":{"line":30,"column":20},"end":{"line":30,"column":153}},"type":"cond-expr","locations":[{"start":{"line":30,"column":38},"end":{"line":30,"column":105}},{"start":{"line":30,"column":108},"end":{"line":30,"column":153}}],"line":30}},"s":{"0":1,"1":1,"2":1,"3":1,"4":1,"5":1,"6":1},"f":{"0":1},"b":{"0":[1,0]},"_coverageSchema":"1a1c01bbd47fc00a2c39e90264f33305004495a9","hash":"d669e64743a969f6f88f6bf60ffd2fe5851f1d8e"}
,"C:\\Users\\Badal Raina\\Music\\projects\\git\\typewrite\\src\\templates\\tags-list-template.js": {"path":"C:\\Users\\Badal Raina\\Music\\projects\\git\\typewrite\\src\\templates\\tags-list-template.js","statementMap":{"0":{"start":{"line":10,"column":25},"end":{"line":30,"column":1}},"1":{"start":{"line":11,"column":30},"end":{"line":11,"column":47}},"2":{"start":{"line":12,"column":15},"end":{"line":12,"column":28}},"3":{"start":{"line":14,"column":2},"end":{"line":29,"column":4}},"4":{"start":{"line":20,"column":12},"end":{"line":24,"column":17}}},"fnMap":{"0":{"name":"(anonymous_0)","decl":{"start":{"line":10,"column":25},"end":{"line":10,"column":26}},"loc":{"start":{"line":10,"column":31},"end":{"line":30,"column":1}},"line":10},"1":{"name":"(anonymous_1)","decl":{"start":{"line":19,"column":20},"end":{"line":19,"column":21}},"loc":{"start":{"line":20,"column":12},"end":{"line":24,"column":17}},"line":20}},"branchMap":{},"s":{"0":1,"1":1,"2":1,"3":1,"4":2},"f":{"0":1,"1":2},"b":{},"_coverageSchema":"1a1c01bbd47fc00a2c39e90264f33305004495a9","hash":"1926fb84e7e415ccf0e2d291891abb0e03b98ef1"}
,"C:\\Users\\Badal Raina\\Music\\projects\\git\\typewrite\\src\\utils\\get-contact-href.js": {"path":"C:\\Users\\Badal Raina\\Music\\projects\\git\\typewrite\\src\\utils\\get-contact-href.js","statementMap":{"0":{"start":{"line":2,"column":23},"end":{"line":54,"column":1}},"1":{"start":{"line":5,"column":2},"end":{"line":51,"column":3}},"2":{"start":{"line":7,"column":6},"end":{"line":7,"column":50}},"3":{"start":{"line":8,"column":6},"end":{"line":8,"column":12}},"4":{"start":{"line":10,"column":6},"end":{"line":10,"column":45}},"5":{"start":{"line":11,"column":6},"end":{"line":11,"column":12}},"6":{"start":{"line":13,"column":6},"end":{"line":13,"column":41}},"7":{"start":{"line":14,"column":6},"end":{"line":14,"column":12}},"8":{"start":{"line":16,"column":6},"end":{"line":16,"column":39}},"9":{"start":{"line":17,"column":6},"end":{"line":17,"column":12}},"10":{"start":{"line":19,"column":6},"end":{"line":19,"column":33}},"11":{"start":{"line":20,"column":6},"end":{"line":20,"column":12}},"12":{"start":{"line":22,"column":6},"end":{"line":22,"column":54}},"13":{"start":{"line":23,"column":6},"end":{"line":23,"column":12}},"14":{"start":{"line":25,"column":6},"end":{"line":25,"column":52}},"15":{"start":{"line":26,"column":6},"end":{"line":26,"column":12}},"16":{"start":{"line":28,"column":6},"end":{"line":28,"column":38}},"17":{"start":{"line":29,"column":6},"end":{"line":29,"column":12}},"18":{"start":{"line":31,"column":6},"end":{"line":31,"column":51}},"19":{"start":{"line":32,"column":6},"end":{"line":32,"column":12}},"20":{"start":{"line":34,"column":6},"end":{"line":34,"column":49}},"21":{"start":{"line":35,"column":6},"end":{"line":35,"column":12}},"22":{"start":{"line":37,"column":6},"end":{"line":37,"column":48}},"23":{"start":{"line":38,"column":6},"end":{"line":38,"column":12}},"24":{"start":{"line":40,"column":6},"end":{"line":40,"column":49}},"25":{"start":{"line":41,"column":6},"end":{"line":41,"column":12}},"26":{"start":{"line":43,"column":6},"end":{"line":43,"column":58}},"27":{"start":{"line":44,"column":6},"end":{"line":44,"column":12}},"28":{"start":{"line":46,"column":6},"end":{"line":46,"column":49}},"29":{"start":{"line":47,"column":6},"end":{"line":47,"column":12}},"30":{"start":{"line":49,"column":6},"end":{"line":49,"column":21}},"31":{"start":{"line":50,"column":6},"end":{"line":50,"column":12}},"32":{"start":{"line":53,"column":2},"end":{"line":53,"column":14}}},"fnMap":{"0":{"name":"(anonymous_0)","decl":{"start":{"line":2,"column":23},"end":{"line":2,"column":24}},"loc":{"start":{"line":2,"column":58},"end":{"line":54,"column":1}},"line":2}},"branchMap":{"0":{"loc":{"start":{"line":5,"column":2},"end":{"line":51,"column":3}},"type":"switch","locations":[{"start":{"line":6,"column":4},"end":{"line":8,"column":12}},{"start":{"line":9,"column":4},"end":{"line":11,"column":12}},{"start":{"line":12,"column":4},"end":{"line":14,"column":12}},{"start":{"line":15,"column":4},"end":{"line":17,"column":12}},{"start":{"line":18,"column":4},"end":{"line":20,"column":12}},{"start":{"line":21,"column":4},"end":{"line":23,"column":12}},{"start":{"line":24,"column":4},"end":{"line":26,"column":12}},{"start":{"line":27,"column":4},"end":{"line":29,"column":12}},{"start":{"line":30,"column":4},"end":{"line":32,"column":12}},{"start":{"line":33,"column":4},"end":{"line":35,"column":12}},{"start":{"line":36,"column":4},"end":{"line":38,"column":12}},{"start":{"line":39,"column":4},"end":{"line":41,"column":12}},{"start":{"line":42,"column":4},"end":{"line":44,"column":12}},{"start":{"line":45,"column":4},"end":{"line":47,"column":12}},{"start":{"line":48,"column":4},"end":{"line":50,"column":12}}],"line":5}},"s":{"0":13,"1":72,"2":13,"3":13,"4":10,"5":10,"6":10,"7":10,"8":10,"9":10,"10":10,"11":10,"12":1,"13":1,"14":1,"15":1,"16":1,"17":1,"18":1,"19":1,"20":1,"21":1,"22":1,"23":1,"24":1,"25":1,"26":1,"27":1,"28":1,"29":1,"30":10,"31":10,"32":72},"f":{"0":72},"b":{"0":[13,10,10,10,10,1,1,1,1,1,1,1,1,1,10]},"_coverageSchema":"1a1c01bbd47fc00a2c39e90264f33305004495a9","hash":"6a6965df38a1849cd0a540314f80cdc5beca5240"}
,"C:\\Users\\Badal Raina\\Music\\projects\\git\\typewrite\\src\\utils\\get-icon.js": {"path":"C:\\Users\\Badal Raina\\Music\\projects\\git\\typewrite\\src\\utils\\get-icon.js","statementMap":{"0":{"start":{"line":4,"column":16},"end":{"line":59,"column":1}},"1":{"start":{"line":7,"column":2},"end":{"line":56,"column":3}},"2":{"start":{"line":9,"column":6},"end":{"line":9,"column":27}},"3":{"start":{"line":10,"column":6},"end":{"line":10,"column":12}},"4":{"start":{"line":12,"column":6},"end":{"line":12,"column":26}},"5":{"start":{"line":13,"column":6},"end":{"line":13,"column":12}},"6":{"start":{"line":15,"column":6},"end":{"line":15,"column":29}},"7":{"start":{"line":16,"column":6},"end":{"line":16,"column":12}},"8":{"start":{"line":18,"column":6},"end":{"line":18,"column":28}},"9":{"start":{"line":19,"column":6},"end":{"line":19,"column":12}},"10":{"start":{"line":21,"column":6},"end":{"line":21,"column":25}},"11":{"start":{"line":22,"column":6},"end":{"line":22,"column":12}},"12":{"start":{"line":24,"column":6},"end":{"line":24,"column":23}},"13":{"start":{"line":25,"column":6},"end":{"line":25,"column":12}},"14":{"start":{"line":27,"column":6},"end":{"line":27,"column":28}},"15":{"start":{"line":28,"column":6},"end":{"line":28,"column":12}},"16":{"start":{"line":30,"column":6},"end":{"line":30,"column":29}},"17":{"start":{"line":31,"column":6},"end":{"line":31,"column":12}},"18":{"start":{"line":33,"column":6},"end":{"line":33,"column":24}},"19":{"start":{"line":34,"column":6},"end":{"line":34,"column":12}},"20":{"start":{"line":36,"column":6},"end":{"line":36,"column":28}},"21":{"start":{"line":37,"column":6},"end":{"line":37,"column":12}},"22":{"start":{"line":39,"column":6},"end":{"line":39,"column":26}},"23":{"start":{"line":40,"column":6},"end":{"line":40,"column":12}},"24":{"start":{"line":42,"column":6},"end":{"line":42,"column":25}},"25":{"start":{"line":43,"column":6},"end":{"line":43,"column":12}},"26":{"start":{"line":45,"column":6},"end":{"line":45,"column":27}},"27":{"start":{"line":46,"column":6},"end":{"line":46,"column":12}},"28":{"start":{"line":48,"column":6},"end":{"line":48,"column":27}},"29":{"start":{"line":49,"column":6},"end":{"line":49,"column":12}},"30":{"start":{"line":51,"column":6},"end":{"line":51,"column":30}},"31":{"start":{"line":52,"column":6},"end":{"line":52,"column":12}},"32":{"start":{"line":54,"column":6},"end":{"line":54,"column":16}},"33":{"start":{"line":55,"column":6},"end":{"line":55,"column":12}},"34":{"start":{"line":58,"column":2},"end":{"line":58,"column":14}}},"fnMap":{"0":{"name":"(anonymous_0)","decl":{"start":{"line":4,"column":16},"end":{"line":4,"column":17}},"loc":{"start":{"line":4,"column":34},"end":{"line":59,"column":1}},"line":4}},"branchMap":{"0":{"loc":{"start":{"line":7,"column":2},"end":{"line":56,"column":3}},"type":"switch","locations":[{"start":{"line":8,"column":4},"end":{"line":10,"column":12}},{"start":{"line":11,"column":4},"end":{"line":13,"column":12}},{"start":{"line":14,"column":4},"end":{"line":16,"column":12}},{"start":{"line":17,"column":4},"end":{"line":19,"column":12}},{"start":{"line":20,"column":4},"end":{"line":22,"column":12}},{"start":{"line":23,"column":4},"end":{"line":25,"column":12}},{"start":{"line":26,"column":4},"end":{"line":28,"column":12}},{"start":{"line":29,"column":4},"end":{"line":31,"column":12}},{"start":{"line":32,"column":4},"end":{"line":34,"column":12}},{"start":{"line":35,"column":4},"end":{"line":37,"column":12}},{"start":{"line":38,"column":4},"end":{"line":40,"column":12}},{"start":{"line":41,"column":4},"end":{"line":43,"column":12}},{"start":{"line":44,"column":4},"end":{"line":46,"column":12}},{"start":{"line":47,"column":4},"end":{"line":49,"column":12}},{"start":{"line":50,"column":4},"end":{"line":52,"column":12}},{"start":{"line":53,"column":4},"end":{"line":55,"column":12}}],"line":7}},"s":{"0":13,"1":69,"2":10,"3":10,"4":10,"5":10,"6":10,"7":10,"8":10,"9":10,"10":10,"11":10,"12":10,"13":10,"14":1,"15":1,"16":1,"17":1,"18":1,"19":1,"20":1,"21":1,"22":1,"23":1,"24":1,"25":1,"26":1,"27":1,"28":1,"29":1,"30":1,"31":1,"32":0,"33":0,"34":69},"f":{"0":69},"b":{"0":[10,10,10,10,10,10,1,1,1,1,1,1,1,1,1,0]},"_coverageSchema":"1a1c01bbd47fc00a2c39e90264f33305004495a9","hash":"9ae29995b927a7f9624c05a1dbea46fbd4175494"}
,"C:\\Users\\Badal Raina\\Music\\projects\\git\\typewrite\\src\\utils\\index.js": {"path":"C:\\Users\\Badal Raina\\Music\\projects\\git\\typewrite\\src\\utils\\index.js","statementMap":{},"fnMap":{},"branchMap":{},"s":{},"f":{},"b":{},"_coverageSchema":"1a1c01bbd47fc00a2c39e90264f33305004495a9","hash":"3f1324493b503f3775df7b77cfc0888b469590f7"}
}
